1:
3.7
10:
3.1
1000:
3.8
1001:
4.2
1002:
3.1
1004:
2.1
1005:
2.8
1006:
4.5
1007:
3.5
1008:
4.0
1009:
3.3
101:
5.0
1010:
4.6
1011:
3.4
1012:
3.8
1013:
4.3
1014:
3.1
1015:
5.0
1016:
1.1
1017:
1.9
102:
1.8
103:
4.3
104:
3.7
105:
3.2
106:
4.3
107:
2.6
108:
2.7
109:
3.0
11:
2.7
110:
3.2
111:
3.3
112:
3.1
113:
4.1
114:
2.9
115:
4.1
116:
3.7
117:
2.4
118:
3.9
119:
2.4
12:
3.8
120:
2.4
121:
1.0
122:
3.4
123:
1.5
125:
2.3
126:
2.8
127:
2.1
128:
4.4
129:
3.1
13:
4.9
131:
3.3
132:
4.1
133:
4.6
134:
2.7
135:
4.5
136:
4.4
137:
2.9
138:
3.8
139:
0.8
14:
2.5
140:
3.6
141:
1.8
142:
4.6
143:
4.8
144:
2.7
145:
1.4
146:
3.0
147:
2.0
148:
3.4
149:
3.4
15:
3.2
150:
2.3
151:
1.0
152:
4.0
153:
1.6
154:
2.8
155:
3.9
156:
2.2
157:
2.9
158:
2.9
159:
4.2
16:
3.1
160:
3.1
161:
3.6
162:
3.0
163:
2.8
164:
2.3
165:
3.1
166:
3.7
167:
4.4
168:
3.5
169:
3.4
17:
4.0
170:
4.1
171:
2.9
172:
2.2
173:
3.3
174:
3.6
175:
3.5
176:
3.0
177:
2.3
178:
4.3
179:
2.6
18:
4.0
180:
3.5
181:
1.5
182:
2.7
183:
2.0
184:
3.2
185:
3.7
186:
4.4
187:
3.9
188:
2.9
189:
2.8
19:
3.0
190:
2.6
191:
4.2
192:
4.7
193:
2.8
194:
3.8
195:
3.5
196:
3.6
197:
3.0
198:
1.8
199:
3.1
2:
4.4
20:
3.2
200:
3.0
201:
3.5
202:
3.1
203:
3.3
204:
3.2
205:
2.5
206:
3.0
207:
3.4
208:
4.7
209:
4.1
21:
3.0
210:
2.8
211:
4.0
212:
3.1
213:
3.8
214:
3.2
215:
4.5
216:
3.9
217:
2.8
219:
2.7
22:
2.9
220:
3.2
221:
3.0
222:
3.3
223:
3.8
224:
4.7
225:
3.5
226:
4.0
227:
4.1
228:
2.6
229:
4.1
23:
4.5
230:
2.7
231:
1.9
232:
3.2
233:
3.9
234:
3.2
235:
2.1
236:
3.5
237:
3.8
238:
4.4
239:
4.3
24:
4.2
240:
4.9
241:
5.2
242:
4.3
243:
2.5
244:
3.1
245:
2.1
246:
3.7
247:
3.0
248:
3.7
249:
4.0
25:
2.8
250:
1.8
251:
5.0
252:
4.0
253:
5.0
254:
1.6
255:
3.5
256:
4.3
257:
4.8
258:
3.9
259:
4.3
26:
3.9
260:
4.6
261:
2.4
262:
4.3
263:
4.9
264:
2.8
265:
3.0
266:
2.7
267:
4.6
268:
4.6
269:
4.6
27:
3.0
270:
4.3
271:
4.8
272:
3.2
273:
1.9
274:
3.0
275:
4.4
276:
1.8
277:
2.7
278:
1.9
279:
2.8
28:
3.4
280:
3.0
281:
4.3
282:
3.1
283:
4.5
284:
4.3
285:
3.2
286:
2.0
287:
3.3
288:
2.8
289:
3.0
29:
4.0
290:
3.4
291:
0.7
292:
4.0
293:
4.4
294:
2.3
295:
3.3
296:
4.2
297:
2.7
298:
4.2
299:
3.4
3:
3.8
30:
2.8
300:
2.7
301:
4.4
302:
3.6
303:
3.6
304:
4.0
305:
3.2
306:
3.3
307:
3.2
308:
3.5
309:
1.6
31:
4.7
310:
2.8
311:
2.4
312:
1.7
313:
3.9
314:
2.9
315:
4.9
316:
4.9
317:
2.6
319:
3.4
32:
3.1
321:
2.6
322:
2.2
323:
1.0
324:
4.6
325:
5.0
326:
3.0
327:
2.7
328:
1.6
329:
2.6
33:
4.8
330:
1.1
331:
3.8
332:
1.6
333:
4.0
334:
3.8
335:
3.0
336:
2.3
337:
4.0
338:
4.7
339:
2.9
34:
2.6
340:
2.4
341:
4.4
342:
4.5
343:
3.6
344:
3.5
345:
3.2
346:
3.6
347:
2.3
348:
3.8
349:
4.1
35:
3.9
350:
4.5
351:
2.8
352:
2.1
353:
3.4
354:
3.0
355:
2.9
356:
3.3
357:
3.8
358:
3.0
359:
4.0
36:
3.4
360:
1.8
361:
4.1
362:
3.7
363:
3.6
364:
3.3
365:
3.9
366:
3.4
367:
3.7
368:
4.2
369:
2.5
37:
3.8
370:
4.2
371:
4.1
372:
2.7
373:
2.9
374:
4.6
375:
3.5
376:
3.6
377:
1.9
378:
3.2
379:
3.0
38:
1.2
380:
4.6
381:
3.8
382:
3.1
383:
3.7
384:
5.3
385:
3.7
386:
2.8
387:
3.3
388:
1.3
389:
3.2
39:
2.6
390:
2.2
391:
3.2
392:
3.2
393:
3.9
394:
3.0
395:
4.2
396:
1.9
397:
4.3
398:
2.6
4:
3.7
40:
3.0
400:
3.6
401:
1.0
402:
3.3
403:
4.0
404:
2.7
405:
4.8
406:
4.6
407:
2.4
408:
2.9
409:
4.5
410:
2.8
411:
3.3
412:
3.1
413:
4.3
414:
4.2
416:
2.1
417:
3.9
418:
2.3
419:
2.8
42:
1.6
420:
2.7
421:
4.5
422:
4.3
423:
4.4
424:
3.7
425:
4.1
426:
4.1
427:
3.5
428:
4.8
429:
4.2
43:
3.5
430:
2.5
431:
3.3
432:
4.8
433:
2.8
434:
2.3
435:
3.0
436:
4.0
437:
3.4
438:
4.2
439:
2.0
44:
3.5
440:
3.4
441:
4.5
442:
3.0
443:
4.9
444:
3.7
445:
3.5
446:
3.1
447:
4.1
448:
3.1
449:
2.1
45:
3.8
450:
3.9
451:
4.8
452:
2.6
453:
4.6
454:
3.1
455:
4.8
456:
4.4
457:
4.2
458:
4.3
459:
4.2
46:
3.8
460:
2.0
461:
3.3
462:
4.3
463:
4.4
464:
3.5
465:
2.4
466:
4.0
467:
4.7
468:
4.5
469:
2.3
47:
4.0
470:
2.7
471:
4.1
472:
3.0
473:
5.0
474:
3.4
475:
1.6
476:
4.0
477:
3.9
478:
3.0
479:
5.0
48:
3.0
480:
1.9
481:
4.5
482:
3.8
483:
3.7
484:
3.6
485:
4.8
486:
2.8
487:
4.6
488:
3.3
489:
2.6
49:
4.4
490:
3.0
491:
3.3
492:
4.0
494:
3.7
495:
3.5
496:
3.8
497:
3.0
498:
4.8
499:
2.8
5:
4.2
50:
3.1
500:
3.9
501:
4.3
502:
4.1
503:
3.5
504:
3.4
505:
4.8
506:
2.4
507:
3.0
508:
2.3
509:
2.9
51:
3.6
510:
4.6
511:
2.1
512:
4.1
513:
2.1
514:
5.0
515:
0.8
516:
5.0
517:
5.0
518:
4.3
519:
5.0
52:
3.7
520:
4.3
521:
3.7
522:
3.8
523:
2.7
524:
3.2
525:
1.3
526:
3.2
527:
2.2
528:
3.8
529:
3.4
53:
4.1
530:
3.1
531:
1.7
532:
3.4
533:
4.2
534:
4.1
535:
4.0
536:
3.7
537:
4.6
538:
1.8
539:
4.5
54:
2.1
540:
3.0
542:
2.4
543:
4.6
544:
3.8
545:
5.0
546:
3.2
547:
3.5
548:
3.0
549:
4.3
55:
4.0
550:
3.5
551:
4.0
552:
3.4
553:
3.2
554:
4.1
555:
3.4
556:
3.2
557:
3.1
558:
2.5
559:
1.0
56:
2.5
560:
4.0
561:
3.1
562:
2.7
563:
3.6
564:
3.6
565:
2.4
566:
3.8
567:
1.0
568:
3.4
569:
2.5
57:
4.3
570:
3.0
571:
4.6
572:
3.9
573:
2.5
574:
3.5
575:
4.9
576:
3.4
577:
5.0
578:
3.0
579:
4.4
58:
3.2
580:
4.0
581:
4.0
582:
4.4
583:
3.7
584:
3.6
585:
3.7
586:
2.5
587:
5.0
588:
3.6
589:
1.8
59:
3.7
590:
4.1
591:
3.5
592:
1.9
593:
2.3
594:
1.6
595:
5.1
596:
4.2
597:
3.7
598:
3.1
599:
3.0
6:
2.9
60:
2.9
600:
1.0
601:
4.4
602:
2.3
603:
4.0
604:
3.7
605:
2.5
606:
3.6
607:
4.5
608:
1.6
609:
4.8
61:
4.0
610:
5.0
611:
1.3
612:
3.3
613:
1.6
614:
3.0
615:
4.1
616:
2.9
617:
4.3
618:
2.0
619:
2.8
62:
3.5
620:
3.3
621:
4.4
622:
2.8
623:
4.6
624:
5.0
625:
1.6
626:
3.2
627:
3.2
628:
3.2
629:
5.0
63:
3.1
630:
4.7
631:
4.9
632:
3.7
633:
1.9
634:
4.8
635:
1.7
636:
3.0
637:
2.7
638:
4.7
639:
3.0
640:
3.3
641:
2.8
642:
5.0
643:
3.8
644:
4.8
645:
3.8
646:
3.1
647:
3.2
648:
3.9
65:
1.7
650:
3.7
651:
0.7
652:
2.3
653:
2.3
654:
3.1
655:
4.4
656:
2.1
657:
4.3
658:
3.8
659:
2.5
66:
1.8
660:
4.0
661:
2.3
662:
2.7
663:
4.0
664:
3.3
665:
2.7
666:
3.0
667:
2.9
668:
4.0
669:
3.9
67:
3.7
670:
4.4
671:
2.0
672:
2.9
673:
4.9
674:
3.9
675:
4.5
676:
4.5
677:
2.7
678:
2.7
679:
3.3
68:
4.9
680:
4.0
681:
3.5
682:
4.5
683:
3.1
684:
3.2
685:
4.3
686:
3.1
687:
3.2
688:
3.5
689:
4.8
69:
3.8
690:
4.0
691:
4.0
692:
2.2
693:
3.6
694:
3.0
695:
0.5
696:
3.8
697:
4.3
698:
1.8
699:
4.2
7:
2.2
70:
3.5
700:
2.0
701:
1.7
702:
4.5
703:
4.4
704:
3.7
705:
3.7
706:
2.9
707:
4.5
708:
3.8
709:
4.1
71:
4.1
710:
4.5
711:
3.8
712:
5.0
713:
1.6
715:
3.5
716:
2.6
717:
3.1
718:
3.2
719:
4.1
72:
3.3
720:
4.9
721:
1.3
722:
3.5
723:
3.6
724:
3.6
725:
1.1
726:
2.3
727:
2.4
728:
4.0
729:
2.0
73:
3.8
730:
4.0
731:
1.8
732:
4.0
733:
2.6
734:
2.9
735:
3.0
736:
2.1
737:
3.7
738:
3.4
739:
3.3
74:
3.6
741:
3.0
742:
3.7
743:
2.8
744:
3.7
745:
1.7
746:
3.7
747:
3.6
748:
5.1
749:
2.2
75:
2.9
750:
3.5
751:
4.5
752:
5.0
753:
3.2
754:
4.3
755:
3.9
756:
3.3
757:
3.7
758:
3.3
759:
3.8
76:
4.8
760:
4.5
761:
2.2
762:
4.2
763:
3.7
764:
3.6
765:
2.9
766:
3.8
767:
3.6
768:
4.0
769:
3.0
77:
2.1
770:
3.5
771:
3.4
772:
3.6
773:
3.1
774:
4.5
775:
4.4
776:
3.3
777:
4.1
778:
4.2
779:
1.9
78:
3.2
780:
3.3
781:
4.6
782:
2.5
783:
3.3
784:
2.9
785:
2.9
786:
3.0
787:
2.8
788:
4.2
789:
4.6
79:
4.7
790:
3.0
791:
4.3
792:
3.8
793:
2.9
794:
2.0
795:
2.7
796:
3.7
797:
3.0
798:
4.0
799:
3.6
8:
3.0
80:
3.4
800:
1.8
801:
3.6
802:
4.2
803:
0.8
804:
4.1
805:
4.3
806:
2.2
807:
4.3
808:
4.0
809:
3.2
81:
3.7
810:
5.0
811:
2.8
812:
4.1
813:
2.9
814:
4.0
815:
2.8
816:
3.3
817:
3.9
818:
4.1
819:
3.4
82:
3.2
820:
2.1
821:
2.9
822:
5.5
823:
3.1
824:
4.3
825:
4.5
826:
2.6
827:
3.9
828:
2.9
829:
3.1
83:
3.9
830:
3.9
831:
2.3
832:
3.8
833:
4.0
834:
3.1
835:
2.5
836:
5.3
837:
5.1
838:
2.8
839:
4.1
84:
3.8
840:
3.7
841:
3.7
842:
3.8
843:
4.6
844:
3.3
845:
4.1
846:
3.5
847:
4.7
848:
4.5
849:
2.3
85:
4.9
850:
4.7
851:
4.9
852:
3.2
853:
2.9
854:
3.3
855:
1.8
856:
3.7
857:
4.7
858:
2.9
859:
3.3
86:
2.4
860:
2.3
861:
3.8
862:
4.1
863:
2.7
864:
3.5
865:
3.4
866:
3.6
867:
2.3
868:
3.3
869:
3.3
87:
1.9
870:
0.9
871:
4.1
872:
4.3
873:
3.4
874:
3.4
875:
3.9
876:
4.2
877:
3.6
878:
1.9
879:
2.8
88:
4.2
880:
4.6
881:
2.6
882:
3.9
883:
3.3
884:
4.1
885:
3.4
886:
4.0
887:
3.1
888:
2.4
889:
5.0
89:
3.3
890:
1.7
891:
4.1
892:
3.6
893:
3.9
894:
3.2
895:
4.5
896:
3.7
897:
2.8
898:
2.3
899:
2.3
9:
2.6
90:
3.5
900:
3.6
901:
4.4
902:
1.7
903:
2.7
904:
1.2
905:
2.2
906:
4.2
907:
3.1
908:
2.0
909:
2.0
91:
5.2
910:
4.9
911:
4.4
912:
4.0
913:
3.4
914:
4.4
915:
3.8
916:
3.6
917:
4.8
918:
4.7
919:
3.4
92:
4.9
920:
2.8
921:
3.0
922:
2.2
923:
2.3
924:
1.9
925:
4.1
926:
2.3
927:
3.4
928:
2.0
929:
3.7
93:
2.1
930:
4.0
931:
4.3
932:
1.6
933:
4.4
934:
2.9
935:
2.5
936:
3.3
937:
3.5
938:
0.9
939:
4.5
94:
3.4
940:
4.4
941:
2.2
942:
3.3
943:
3.8
945:
2.4
946:
1.0
947:
3.4
948:
3.7
949:
2.2
95:
2.9
950:
2.6
951:
3.8
952:
4.2
953:
3.8
954:
3.1
955:
3.5
956:
3.3
957:
2.7
958:
4.5
959:
1.8
96:
3.6
960:
4.0
961:
3.1
962:
3.5
963:
5.2
964:
3.2
965:
4.4
966:
3.5
967:
4.8
968:
3.0
969:
0.7
97:
4.9
970:
3.2
971:
3.7
972:
3.9
973:
3.3
974:
3.8
975:
1.4
976:
2.7
977:
2.9
978:
1.8
979:
1.7
98:
3.7
980:
3.8
981:
2.1
982:
3.3
983:
2.3
984:
4.2
985:
5.3
986:
3.4
987:
3.2
988:
3.6
989:
3.0
990:
3.9
991:
3.6
992:
3.8
993:
3.9
994:
2.7
995:
2.1
996:
4.3
997:
3.5
998:
4.2
999:
2.3
RMSE: 0.79